0 info it worked if it ends with ok
1 verbose cli [ '/Users/jsifre/.nvm/versions/node/v6.11.2/bin/node',
1 verbose cli   '/Users/jsifre/Documents/GitHub/gdi-hacktober-project/node_modules/.bin/npm',
1 verbose cli   'run',
1 verbose cli   'open' ]
2 info using npm@2.15.12
3 info using node@v6.11.2
4 warn invalid config loglevel="notice"
5 verbose run-script [ 'preopen', 'open', 'postopen' ]
6 info preopen cat-vs-dog@1.0.0
7 info open cat-vs-dog@1.0.0
8 verbose unsafe-perm in lifecycle true
9 info cat-vs-dog@1.0.0 Failed to exec open script
10 verbose stack Error: cat-vs-dog@1.0.0 open: `concurrently "http-server -a localhost -p 3000" "open http://localhost:3000/"`
10 verbose stack Exit status 1
10 verbose stack     at EventEmitter.<anonymous> (/Users/jsifre/Documents/GitHub/gdi-hacktober-project/node_modules/npm/lib/utils/lifecycle.js:217:16)
10 verbose stack     at emitTwo (events.js:106:13)
10 verbose stack     at EventEmitter.emit (events.js:191:7)
10 verbose stack     at ChildProcess.<anonymous> (/Users/jsifre/Documents/GitHub/gdi-hacktober-project/node_modules/npm/lib/utils/spawn.js:24:14)
10 verbose stack     at emitTwo (events.js:106:13)
10 verbose stack     at ChildProcess.emit (events.js:191:7)
10 verbose stack     at maybeClose (internal/child_process.js:891:16)
10 verbose stack     at Process.ChildProcess._handle.onexit (internal/child_process.js:226:5)
11 verbose pkgid cat-vs-dog@1.0.0
12 verbose cwd /Users/jsifre/Documents/GitHub/gdi-hacktober-project
13 error Darwin 17.7.0
14 error argv "/Users/jsifre/.nvm/versions/node/v6.11.2/bin/node" "/Users/jsifre/Documents/GitHub/gdi-hacktober-project/node_modules/.bin/npm" "run" "open"
15 error node v6.11.2
16 error npm  v2.15.12
17 error code ELIFECYCLE
18 error cat-vs-dog@1.0.0 open: `concurrently "http-server -a localhost -p 3000" "open http://localhost:3000/"`
18 error Exit status 1
19 error Failed at the cat-vs-dog@1.0.0 open script 'concurrently "http-server -a localhost -p 3000" "open http://localhost:3000/"'.
19 error This is most likely a problem with the cat-vs-dog package,
19 error not with npm itself.
19 error Tell the author that this fails on your system:
19 error     concurrently "http-server -a localhost -p 3000" "open http://localhost:3000/"
19 error You can get information on how to open an issue for this project with:
19 error     npm bugs cat-vs-dog
19 error Or if that isn't available, you can get their info via:
19 error
19 error     npm owner ls cat-vs-dog
19 error There is likely additional logging output above.
20 verbose exit [ 1, true ]
